<?xml version="1.0" encoding="UTF-8"?>
<!-- Generated by org.testng.reporters.JUnitReportReporter -->
<testsuite skipped="0" hostname="Vishalmi-w10" name="com.projeectName.testcases.LoginPageTest" tests="2" failures="0" timestamp="06 Jul 2021 12:19:27 GMT" time="43.182" errors="0">
  <testcase name="loginPageTitleTest" time="19.735" classname="com.projeectName.testcases.LoginPageTest"/>
  <testcase name="loginTest" time="23.447" classname="com.projeectName.testcases.LoginPageTest"/>
</testsuite> <!-- com.projeectName.testcases.LoginPageTest -->
